[2022-03-12T08:31:52.605373+00:00] errors.WARNING: E_WARNING: preg_match(): No ending delimiter '^' found {"code":2,"message":"preg_match(): No ending delimiter '^' found","file":"/home/mojtaba/Projects/exam/link-shortener/src/core/Routing/Router.php","line":233} []
[2022-03-12T08:31:52.605373+00:00] errors.WARNING: E_WARNING: preg_match(): No ending delimiter '^' found {"code":2,"message":"preg_match(): No ending delimiter '^' found","file":"/home/mojtaba/Projects/exam/link-shortener/src/core/Routing/Router.php","line":233} []
[2022-03-12T08:32:04.739840+00:00] errors.WARNING: E_WARNING: preg_match(): No ending delimiter '^' found {"code":2,"message":"preg_match(): No ending delimiter '^' found","file":"/home/mojtaba/Projects/exam/link-shortener/src/core/Routing/Router.php","line":233} []
[2022-03-12T08:32:04.739840+00:00] errors.WARNING: E_WARNING: preg_match(): No ending delimiter '^' found {"code":2,"message":"preg_match(): No ending delimiter '^' found","file":"/home/mojtaba/Projects/exam/link-shortener/src/core/Routing/Router.php","line":233} []
[2022-03-12T08:32:34.551940+00:00] errors.WARNING: E_WARNING: preg_match(): No ending delimiter '^' found {"code":2,"message":"preg_match(): No ending delimiter '^' found","file":"/home/mojtaba/Projects/exam/link-shortener/src/core/Routing/Router.php","line":239} []
[2022-03-12T08:32:34.551940+00:00] errors.WARNING: E_WARNING: preg_match(): No ending delimiter '^' found {"code":2,"message":"preg_match(): No ending delimiter '^' found","file":"/home/mojtaba/Projects/exam/link-shortener/src/core/Routing/Router.php","line":239} []
[2022-03-12T08:33:14.522579+00:00] errors.WARNING: E_WARNING: preg_match(): No ending delimiter '^' found {"code":2,"message":"preg_match(): No ending delimiter '^' found","file":"/home/mojtaba/Projects/exam/link-shortener/src/core/Routing/Router.php","line":240} []
[2022-03-12T08:33:14.522579+00:00] errors.WARNING: E_WARNING: preg_match(): No ending delimiter '^' found {"code":2,"message":"preg_match(): No ending delimiter '^' found","file":"/home/mojtaba/Projects/exam/link-shortener/src/core/Routing/Router.php","line":240} []
[2022-03-12T08:33:36.666631+00:00] errors.WARNING: E_WARNING: preg_match(): No ending delimiter '^' found {"code":2,"message":"preg_match(): No ending delimiter '^' found","file":"/home/mojtaba/Projects/exam/link-shortener/src/core/Routing/Router.php","line":237} []
[2022-03-12T08:33:36.666631+00:00] errors.WARNING: E_WARNING: preg_match(): No ending delimiter '^' found {"code":2,"message":"preg_match(): No ending delimiter '^' found","file":"/home/mojtaba/Projects/exam/link-shortener/src/core/Routing/Router.php","line":237} []
[2022-03-12T16:52:45.635005+00:00] errors.WARNING: E_WARNING: preg_match(): No ending delimiter '^' found {"code":2,"message":"preg_match(): No ending delimiter '^' found","file":"/home/mojtaba/Projects/exam/link-shortener/src/core/Routing/Router.php","line":233} []
[2022-03-12T16:52:45.635005+00:00] errors.WARNING: E_WARNING: preg_match(): No ending delimiter '^' found {"code":2,"message":"preg_match(): No ending delimiter '^' found","file":"/home/mojtaba/Projects/exam/link-shortener/src/core/Routing/Router.php","line":233} []
[2022-03-12T16:55:44.303714+00:00] errors.WARNING: E_WARNING: preg_match(): No ending delimiter '^' found {"code":2,"message":"preg_match(): No ending delimiter '^' found","file":"/home/mojtaba/Projects/exam/link-shortener/src/core/Routing/Router.php","line":233} []
[2022-03-12T16:55:44.303714+00:00] errors.WARNING: E_WARNING: preg_match(): No ending delimiter '^' found {"code":2,"message":"preg_match(): No ending delimiter '^' found","file":"/home/mojtaba/Projects/exam/link-shortener/src/core/Routing/Router.php","line":233} []
[2022-03-12T16:57:16.219758+00:00] errors.WARNING: E_WARNING: preg_match(): Unknown modifier 'g' {"code":2,"message":"preg_match(): Unknown modifier 'g'","file":"/home/mojtaba/Projects/exam/link-shortener/src/core/Routing/Router.php","line":233} []
[2022-03-12T16:57:16.219758+00:00] errors.WARNING: E_WARNING: preg_match(): Unknown modifier 'g' {"code":2,"message":"preg_match(): Unknown modifier 'g'","file":"/home/mojtaba/Projects/exam/link-shortener/src/core/Routing/Router.php","line":233} []
[2022-03-12T16:57:56.122802+00:00] errors.WARNING: E_WARNING: preg_match(): Unknown modifier 'g' {"code":2,"message":"preg_match(): Unknown modifier 'g'","file":"/home/mojtaba/Projects/exam/link-shortener/src/core/Routing/Router.php","line":233} []
[2022-03-12T16:57:56.122802+00:00] errors.WARNING: E_WARNING: preg_match(): Unknown modifier 'g' {"code":2,"message":"preg_match(): Unknown modifier 'g'","file":"/home/mojtaba/Projects/exam/link-shortener/src/core/Routing/Router.php","line":233} []
[2022-03-12T17:13:40.834220+00:00] errors.WARNING: E_WARNING: preg_match_all(): Unknown modifier 'g' {"code":2,"message":"preg_match_all(): Unknown modifier 'g'","file":"/home/mojtaba/Projects/exam/link-shortener/src/core/Routing/Router.php","line":233} []
[2022-03-12T17:13:40.834220+00:00] errors.WARNING: E_WARNING: preg_match_all(): Unknown modifier 'g' {"code":2,"message":"preg_match_all(): Unknown modifier 'g'","file":"/home/mojtaba/Projects/exam/link-shortener/src/core/Routing/Router.php","line":233} []
[2022-03-12T17:13:51.574065+00:00] errors.WARNING: E_WARNING: preg_match_all(): Unknown modifier 'g' {"code":2,"message":"preg_match_all(): Unknown modifier 'g'","file":"/home/mojtaba/Projects/exam/link-shortener/src/core/Routing/Router.php","line":233} []
[2022-03-12T17:13:51.574065+00:00] errors.WARNING: E_WARNING: preg_match_all(): Unknown modifier 'g' {"code":2,"message":"preg_match_all(): Unknown modifier 'g'","file":"/home/mojtaba/Projects/exam/link-shortener/src/core/Routing/Router.php","line":233} []
[2022-03-12T17:14:17.553576+00:00] errors.WARNING: E_WARNING: preg_match_all(): Unknown modifier 'g' {"code":2,"message":"preg_match_all(): Unknown modifier 'g'","file":"/home/mojtaba/Projects/exam/link-shortener/src/core/Routing/Router.php","line":233} []
[2022-03-12T17:14:17.553576+00:00] errors.WARNING: E_WARNING: preg_match_all(): Unknown modifier 'g' {"code":2,"message":"preg_match_all(): Unknown modifier 'g'","file":"/home/mojtaba/Projects/exam/link-shortener/src/core/Routing/Router.php","line":233} []
[2022-03-12T17:14:26.341654+00:00] errors.WARNING: E_WARNING: preg_match_all(): No ending delimiter '^' found {"code":2,"message":"preg_match_all(): No ending delimiter '^' found","file":"/home/mojtaba/Projects/exam/link-shortener/src/core/Routing/Router.php","line":233} []
[2022-03-12T17:14:26.341654+00:00] errors.WARNING: E_WARNING: preg_match_all(): No ending delimiter '^' found {"code":2,"message":"preg_match_all(): No ending delimiter '^' found","file":"/home/mojtaba/Projects/exam/link-shortener/src/core/Routing/Router.php","line":233} []
[2022-03-12T17:14:33.053891+00:00] errors.WARNING: E_WARNING: preg_match_all(): No ending delimiter '^' found {"code":2,"message":"preg_match_all(): No ending delimiter '^' found","file":"/home/mojtaba/Projects/exam/link-shortener/src/core/Routing/Router.php","line":233} []
[2022-03-12T17:14:33.053891+00:00] errors.WARNING: E_WARNING: preg_match_all(): No ending delimiter '^' found {"code":2,"message":"preg_match_all(): No ending delimiter '^' found","file":"/home/mojtaba/Projects/exam/link-shortener/src/core/Routing/Router.php","line":233} []
[2022-03-12T17:15:45.741274+00:00] errors.WARNING: E_WARNING: preg_match_all(): No ending delimiter '^' found {"code":2,"message":"preg_match_all(): No ending delimiter '^' found","file":"/home/mojtaba/Projects/exam/link-shortener/src/core/Routing/Router.php","line":233} []
[2022-03-12T17:15:45.741274+00:00] errors.WARNING: E_WARNING: preg_match_all(): No ending delimiter '^' found {"code":2,"message":"preg_match_all(): No ending delimiter '^' found","file":"/home/mojtaba/Projects/exam/link-shortener/src/core/Routing/Router.php","line":233} []
[2022-03-12T17:16:40.795102+00:00] errors.WARNING: E_WARNING: preg_match_all(): No ending delimiter '^' found {"code":2,"message":"preg_match_all(): No ending delimiter '^' found","file":"/home/mojtaba/Projects/exam/link-shortener/src/core/Routing/Router.php","line":233} []
[2022-03-12T17:16:40.795102+00:00] errors.WARNING: E_WARNING: preg_match_all(): No ending delimiter '^' found {"code":2,"message":"preg_match_all(): No ending delimiter '^' found","file":"/home/mojtaba/Projects/exam/link-shortener/src/core/Routing/Router.php","line":233} []
[2022-03-12T17:18:02.150266+00:00] errors.WARNING: E_WARNING: preg_match_all(): No ending delimiter '^' found {"code":2,"message":"preg_match_all(): No ending delimiter '^' found","file":"/home/mojtaba/Projects/exam/link-shortener/src/core/Routing/Router.php","line":233} []
[2022-03-12T17:18:02.150266+00:00] errors.WARNING: E_WARNING: preg_match_all(): No ending delimiter '^' found {"code":2,"message":"preg_match_all(): No ending delimiter '^' found","file":"/home/mojtaba/Projects/exam/link-shortener/src/core/Routing/Router.php","line":233} []
[2022-03-12T17:19:34.689102+00:00] errors.WARNING: E_WARNING: preg_match(): No ending delimiter '^' found {"code":2,"message":"preg_match(): No ending delimiter '^' found","file":"/home/mojtaba/Projects/exam/link-shortener/src/core/Routing/Router.php","line":236} []
[2022-03-12T17:19:34.689102+00:00] errors.WARNING: E_WARNING: preg_match(): No ending delimiter '^' found {"code":2,"message":"preg_match(): No ending delimiter '^' found","file":"/home/mojtaba/Projects/exam/link-shortener/src/core/Routing/Router.php","line":236} []
[2022-03-12T17:21:23.964522+00:00] errors.WARNING: E_WARNING: preg_match(): No ending delimiter '^' found {"code":2,"message":"preg_match(): No ending delimiter '^' found","file":"/home/mojtaba/Projects/exam/link-shortener/src/core/Routing/Router.php","line":236} []
[2022-03-12T17:21:23.964522+00:00] errors.WARNING: E_WARNING: preg_match(): No ending delimiter '^' found {"code":2,"message":"preg_match(): No ending delimiter '^' found","file":"/home/mojtaba/Projects/exam/link-shortener/src/core/Routing/Router.php","line":236} []
[2022-03-12T17:22:51.246640+00:00] errors.WARNING: E_WARNING: preg_match(): No ending delimiter '^' found {"code":2,"message":"preg_match(): No ending delimiter '^' found","file":"/home/mojtaba/Projects/exam/link-shortener/src/core/Routing/Router.php","line":236} []
[2022-03-12T17:22:51.246640+00:00] errors.WARNING: E_WARNING: preg_match(): No ending delimiter '^' found {"code":2,"message":"preg_match(): No ending delimiter '^' found","file":"/home/mojtaba/Projects/exam/link-shortener/src/core/Routing/Router.php","line":236} []
[2022-03-12T17:22:59.539496+00:00] errors.WARNING: E_WARNING: preg_match(): No ending delimiter '^' found {"code":2,"message":"preg_match(): No ending delimiter '^' found","file":"/home/mojtaba/Projects/exam/link-shortener/src/core/Routing/Router.php","line":236} []
[2022-03-12T17:22:59.539496+00:00] errors.WARNING: E_WARNING: preg_match(): No ending delimiter '^' found {"code":2,"message":"preg_match(): No ending delimiter '^' found","file":"/home/mojtaba/Projects/exam/link-shortener/src/core/Routing/Router.php","line":236} []
[2022-03-12T17:55:35.628117+00:00] errors.NOTICE: E_NOTICE: Undefined variable: router {"code":8,"message":"Undefined variable: router","file":"/home/mojtaba/Projects/exam/link-shortener/src/routes.php","line":15} []
[2022-03-12T17:55:35.628117+00:00] errors.NOTICE: E_NOTICE: Undefined variable: router {"code":8,"message":"Undefined variable: router","file":"/home/mojtaba/Projects/exam/link-shortener/src/routes.php","line":15} []
[2022-03-12T17:55:35.636559+00:00] errors.NOTICE: E_NOTICE: Undefined variable: routes {"code":8,"message":"Undefined variable: routes","file":"/home/mojtaba/Projects/exam/link-shortener/src/bootstrap/app.php","line":26} []
[2022-03-12T17:55:35.636559+00:00] errors.NOTICE: E_NOTICE: Undefined variable: routes {"code":8,"message":"Undefined variable: routes","file":"/home/mojtaba/Projects/exam/link-shortener/src/bootstrap/app.php","line":26} []
[2022-03-12T17:55:48.412016+00:00] errors.NOTICE: E_NOTICE: Undefined variable: router {"code":8,"message":"Undefined variable: router","file":"/home/mojtaba/Projects/exam/link-shortener/src/routes.php","line":15} []
[2022-03-12T17:55:48.412016+00:00] errors.NOTICE: E_NOTICE: Undefined variable: router {"code":8,"message":"Undefined variable: router","file":"/home/mojtaba/Projects/exam/link-shortener/src/routes.php","line":15} []
[2022-03-12T18:05:28.922130+00:00] errors.WARNING: E_WARNING: call_user_func_array() expects parameter 1 to be a valid callback, class 'App\Controller\LinksController' not found {"code":2,"message":"call_user_func_array() expects parameter 1 to be a valid callback, class 'App\\Controller\\LinksController' not found","file":"/home/mojtaba/Projects/exam/link-shortener/src/bootstrap/app.php","line":36} []
[2022-03-12T18:05:28.922130+00:00] errors.WARNING: E_WARNING: call_user_func_array() expects parameter 1 to be a valid callback, class 'App\Controller\LinksController' not found {"code":2,"message":"call_user_func_array() expects parameter 1 to be a valid callback, class 'App\\Controller\\LinksController' not found","file":"/home/mojtaba/Projects/exam/link-shortener/src/bootstrap/app.php","line":36} []
[2022-03-12T18:06:09.356483+00:00] errors.WARNING: E_WARNING: call_user_func_array() expects parameter 1 to be a valid callback, class 'App\Controller\LinksController' not found {"code":2,"message":"call_user_func_array() expects parameter 1 to be a valid callback, class 'App\\Controller\\LinksController' not found","file":"/home/mojtaba/Projects/exam/link-shortener/src/bootstrap/app.php","line":35} []
[2022-03-12T18:06:09.356483+00:00] errors.WARNING: E_WARNING: call_user_func_array() expects parameter 1 to be a valid callback, class 'App\Controller\LinksController' not found {"code":2,"message":"call_user_func_array() expects parameter 1 to be a valid callback, class 'App\\Controller\\LinksController' not found","file":"/home/mojtaba/Projects/exam/link-shortener/src/bootstrap/app.php","line":35} []
[2022-03-12T18:07:50.738042+00:00] errors.NOTICE: E_NOTICE: Undefined variable: request {"code":8,"message":"Undefined variable: request","file":"/home/mojtaba/Projects/exam/link-shortener/src/app/Controllers/LinkController.php","line":48} []
[2022-03-12T18:07:50.738042+00:00] errors.NOTICE: E_NOTICE: Undefined variable: request {"code":8,"message":"Undefined variable: request","file":"/home/mojtaba/Projects/exam/link-shortener/src/app/Controllers/LinkController.php","line":48} []
[2022-03-12T18:19:02.516899+00:00] errors.NOTICE: E_NOTICE: Undefined index: id {"code":8,"message":"Undefined index: id","file":"/home/mojtaba/Projects/exam/link-shortener/src/bootstrap/app.php","line":34} []
[2022-03-12T18:19:02.516899+00:00] errors.NOTICE: E_NOTICE: Undefined index: id {"code":8,"message":"Undefined index: id","file":"/home/mojtaba/Projects/exam/link-shortener/src/bootstrap/app.php","line":34} []
